mode: atomic
github.com/docker/libcompose/yaml/types_yaml.go:19.81,21.2 1 3
github.com/docker/libcompose/yaml/types_yaml.go:23.51,24.17 1 8
github.com/docker/libcompose/yaml/types_yaml.go:27.2,28.22 2 5
github.com/docker/libcompose/yaml/types_yaml.go:35.2,35.15 1 5
github.com/docker/libcompose/yaml/types_yaml.go:24.17,26.3 1 3
github.com/docker/libcompose/yaml/types_yaml.go:28.22,29.31 1 10
github.com/docker/libcompose/yaml/types_yaml.go:29.31,31.4 1 10
github.com/docker/libcompose/yaml/types_yaml.go:31.4,33.4 1 0
github.com/docker/libcompose/yaml/types_yaml.go:39.76,40.31 1 4
github.com/docker/libcompose/yaml/types_yaml.go:52.2,52.12 1 4
github.com/docker/libcompose/yaml/types_yaml.go:41.2,43.17 2 3
github.com/docker/libcompose/yaml/types_yaml.go:46.3,46.18 1 3
github.com/docker/libcompose/yaml/types_yaml.go:47.2,48.28 1 1
github.com/docker/libcompose/yaml/types_yaml.go:49.2,50.69 1 0
github.com/docker/libcompose/yaml/types_yaml.go:43.17,45.4 1 0
github.com/docker/libcompose/yaml/types_yaml.go:56.35,57.14 1 0
github.com/docker/libcompose/yaml/types_yaml.go:60.2,60.21 1 0
github.com/docker/libcompose/yaml/types_yaml.go:57.14,59.3 1 0
github.com/docker/libcompose/yaml/types_yaml.go:64.42,65.14 1 0
github.com/docker/libcompose/yaml/types_yaml.go:68.2,68.16 1 0
github.com/docker/libcompose/yaml/types_yaml.go:65.14,67.3 1 0
github.com/docker/libcompose/yaml/types_yaml.go:72.54,74.2 1 4
github.com/docker/libcompose/yaml/types_yaml.go:83.75,85.36 2 2
github.com/docker/libcompose/yaml/types_yaml.go:88.2,88.27 1 2
github.com/docker/libcompose/yaml/types_yaml.go:85.36,87.3 1 2
github.com/docker/libcompose/yaml/types_yaml.go:92.70,95.28 3 3
github.com/docker/libcompose/yaml/types_yaml.go:141.2,141.12 1 3
github.com/docker/libcompose/yaml/types_yaml.go:96.2,97.45 1 3
github.com/docker/libcompose/yaml/types_yaml.go:130.3,131.28 2 3
github.com/docker/libcompose/yaml/types_yaml.go:134.3,135.28 2 3
github.com/docker/libcompose/yaml/types_yaml.go:138.2,139.62 1 0
github.com/docker/libcompose/yaml/types_yaml.go:97.45,102.27 5 4
github.com/docker/libcompose/yaml/types_yaml.go:122.4,128.5 1 4
github.com/docker/libcompose/yaml/types_yaml.go:103.4,105.26 2 2
github.com/docker/libcompose/yaml/types_yaml.go:106.4,107.37 1 2
github.com/docker/libcompose/yaml/types_yaml.go:110.5,110.47 1 2
github.com/docker/libcompose/yaml/types_yaml.go:119.4,120.88 1 0
github.com/docker/libcompose/yaml/types_yaml.go:107.37,109.6 1 0
github.com/docker/libcompose/yaml/types_yaml.go:110.47,112.36 2 4
github.com/docker/libcompose/yaml/types_yaml.go:113.6,114.28 1 2
github.com/docker/libcompose/yaml/types_yaml.go:115.6,116.28 1 2
github.com/docker/libcompose/yaml/types_yaml.go:131.28,133.4 1 4
github.com/docker/libcompose/yaml/types_yaml.go:135.28,137.4 1 4
github.com/docker/libcompose/yaml/types_yaml.go:156.74,157.22 1 2
github.com/docker/libcompose/yaml/types_yaml.go:160.2,160.32 1 1
github.com/docker/libcompose/yaml/types_yaml.go:157.22,159.3 1 1
github.com/docker/libcompose/yaml/types_yaml.go:164.60,172.2 1 0
github.com/docker/libcompose/yaml/types_yaml.go:181.75,183.2 1 4
github.com/docker/libcompose/yaml/types_yaml.go:186.70,187.31 1 5
github.com/docker/libcompose/yaml/types_yaml.go:203.2,203.12 1 5
github.com/docker/libcompose/yaml/types_yaml.go:188.2,190.17 2 4
github.com/docker/libcompose/yaml/types_yaml.go:193.3,193.18 1 4
github.com/docker/libcompose/yaml/types_yaml.go:194.2,196.17 2 1
github.com/docker/libcompose/yaml/types_yaml.go:199.3,199.18 1 1
github.com/docker/libcompose/yaml/types_yaml.go:200.2,201.63 1 0
github.com/docker/libcompose/yaml/types_yaml.go:190.17,192.4 1 0
github.com/docker/libcompose/yaml/types_yaml.go:196.17,198.4 1 0
github.com/docker/libcompose/yaml/types_yaml.go:207.37,209.2 1 0
github.com/docker/libcompose/yaml/types_yaml.go:212.36,214.2 1 6
github.com/docker/libcompose/yaml/types_yaml.go:217.42,219.2 1 0
github.com/docker/libcompose/yaml/types_yaml.go:227.78,229.2 1 2
github.com/docker/libcompose/yaml/types_yaml.go:232.73,233.31 1 4
github.com/docker/libcompose/yaml/types_yaml.go:269.2,269.12 1 3
github.com/docker/libcompose/yaml/types_yaml.go:234.2,236.27 2 3
github.com/docker/libcompose/yaml/types_yaml.go:247.3,247.18 1 2
github.com/docker/libcompose/yaml/types_yaml.go:248.2,250.27 2 1
github.com/docker/libcompose/yaml/types_yaml.go:265.3,265.18 1 1
github.com/docker/libcompose/yaml/types_yaml.go:266.2,267.66 1 0
github.com/docker/libcompose/yaml/types_yaml.go:236.27,237.32 1 6
github.com/docker/libcompose/yaml/types_yaml.go:237.32,238.33 1 6
github.com/docker/libcompose/yaml/types_yaml.go:238.33,240.6 1 5
github.com/docker/libcompose/yaml/types_yaml.go:240.6,242.6 1 1
github.com/docker/libcompose/yaml/types_yaml.go:243.5,245.5 1 0
github.com/docker/libcompose/yaml/types_yaml.go:250.27,251.33 1 2
github.com/docker/libcompose/yaml/types_yaml.go:251.33,257.32 5 2
github.com/docker/libcompose/yaml/types_yaml.go:260.5,260.21 1 2
github.com/docker/libcompose/yaml/types_yaml.go:257.32,259.6 1 2
github.com/docker/libcompose/yaml/types_yaml.go:261.5,263.5 1 0
github.com/docker/libcompose/yaml/types_yaml.go:273.51,274.14 1 0
github.com/docker/libcompose/yaml/types_yaml.go:277.2,277.16 1 0
github.com/docker/libcompose/yaml/types_yaml.go:274.14,276.3 1 0
github.com/docker/libcompose/yaml/types_yaml.go:281.56,283.2 1 0
github.com/docker/libcompose/yaml/types_yaml.go:292.83,294.2 1 1
github.com/docker/libcompose/yaml/types_yaml.go:296.85,297.21 1 1
github.com/docker/libcompose/yaml/types_yaml.go:300.2,301.26 2 1
github.com/docker/libcompose/yaml/types_yaml.go:312.2,312.19 1 1
github.com/docker/libcompose/yaml/types_yaml.go:297.21,299.3 1 0
github.com/docker/libcompose/yaml/types_yaml.go:301.26,302.31 1 2
github.com/docker/libcompose/yaml/types_yaml.go:302.31,303.32 1 2
github.com/docker/libcompose/yaml/types_yaml.go:303.32,305.5 1 2
github.com/docker/libcompose/yaml/types_yaml.go:305.5,307.5 1 0
github.com/docker/libcompose/yaml/types_yaml.go:308.4,310.4 1 0
github.com/docker/libcompose/yaml/types_yaml.go:316.78,317.31 1 2
github.com/docker/libcompose/yaml/types_yaml.go:333.2,333.12 1 2
github.com/docker/libcompose/yaml/types_yaml.go:318.2,320.17 2 1
github.com/docker/libcompose/yaml/types_yaml.go:323.3,323.18 1 1
github.com/docker/libcompose/yaml/types_yaml.go:324.2,326.17 2 1
github.com/docker/libcompose/yaml/types_yaml.go:329.3,329.18 1 1
github.com/docker/libcompose/yaml/types_yaml.go:330.2,331.71 1 0
github.com/docker/libcompose/yaml/types_yaml.go:320.17,322.4 1 0
github.com/docker/libcompose/yaml/types_yaml.go:326.17,328.4 1 0
github.com/docker/libcompose/yaml/types_yaml.go:337.44,339.2 1 0
github.com/docker/libcompose/yaml/types_yaml.go:342.57,344.2 1 0
github.com/docker/libcompose/yaml/types_yaml.go:353.83,355.2 1 0
github.com/docker/libcompose/yaml/types_yaml.go:358.78,359.31 1 0
github.com/docker/libcompose/yaml/types_yaml.go:375.2,375.12 1 0
github.com/docker/libcompose/yaml/types_yaml.go:360.2,362.17 2 0
github.com/docker/libcompose/yaml/types_yaml.go:365.3,365.18 1 0
github.com/docker/libcompose/yaml/types_yaml.go:366.2,368.17 2 0
github.com/docker/libcompose/yaml/types_yaml.go:371.3,371.18 1 0
github.com/docker/libcompose/yaml/types_yaml.go:372.2,373.71 1 0
github.com/docker/libcompose/yaml/types_yaml.go:362.17,364.4 1 0
github.com/docker/libcompose/yaml/types_yaml.go:368.17,370.4 1 0
github.com/docker/libcompose/yaml/types_yaml.go:379.44,381.2 1 0
github.com/docker/libcompose/yaml/types_yaml.go:384.57,386.2 1 0
github.com/docker/libcompose/yaml/types_yaml.go:395.83,397.2 1 0
github.com/docker/libcompose/yaml/types_yaml.go:400.78,401.31 1 0
github.com/docker/libcompose/yaml/types_yaml.go:417.2,417.12 1 0
github.com/docker/libcompose/yaml/types_yaml.go:402.2,404.17 2 0
github.com/docker/libcompose/yaml/types_yaml.go:407.3,407.18 1 0
github.com/docker/libcompose/yaml/types_yaml.go:408.2,410.17 2 0
github.com/docker/libcompose/yaml/types_yaml.go:413.3,413.18 1 0
github.com/docker/libcompose/yaml/types_yaml.go:414.2,415.71 1 0
github.com/docker/libcompose/yaml/types_yaml.go:404.17,406.4 1 0
github.com/docker/libcompose/yaml/types_yaml.go:410.17,412.4 1 0
github.com/docker/libcompose/yaml/types_yaml.go:421.44,423.2 1 0
github.com/docker/libcompose/yaml/types_yaml.go:426.57,428.2 1 0
